[0.015s] Invoking command in '/home/william/P6-Simulation/build/centralized': CMAKE_PREFIX_PATH=/opt/ros/foxy /usr/bin/cmake /home/william/P6-Simulation/src/centralized -DCMAKE_INSTALL_PREFIX=/home/william/P6-Simulation/install/centralized
[0.126s] -- The C compiler identification is GNU 9.4.0
[0.214s] -- The CXX compiler identification is GNU 9.4.0
[0.222s] -- Check for working C compiler: /usr/bin/cc
[0.285s] -- Check for working C compiler: /usr/bin/cc -- works
[0.287s] -- Detecting C compiler ABI info
[0.355s] -- Detecting C compiler ABI info - done
[0.366s] -- Detecting C compile features
[0.367s] -- Detecting C compile features - done
[0.369s] -- Check for working CXX compiler: /usr/bin/c++
[0.444s] -- Check for working CXX compiler: /usr/bin/c++ -- works
[0.446s] -- Detecting CXX compiler ABI info
[0.518s] -- Detecting CXX compiler ABI info - done
[0.531s] -- Detecting CXX compile features
[0.531s] -- Detecting CXX compile features - done
[0.536s] -- Found ament_cmake: 0.9.9 (/opt/ros/foxy/share/ament_cmake/cmake)
[0.563s] -- Found PythonInterp: /usr/bin/python3 (found suitable version "3.8.10", minimum required is "3") 
[0.563s] -- Using PYTHON_EXECUTABLE: /usr/bin/python3
[0.809s] -- Found ament_lint_auto: 0.9.6 (/opt/ros/foxy/share/ament_lint_auto/cmake)
[0.889s] -- Added test 'copyright' to check source files copyright and LICENSE
[0.891s] -- Added test 'flake8' to check Python code syntax and style conventions
[0.892s] -- Added test 'lint_cmake' to check CMake code style
[0.893s] -- Added test 'pep257' to check Python code against some of the style conventions in PEP 257
[0.894s] -- Added test 'xmllint' to check XML markup files
[0.896s] -- Configuring done
[0.897s] -- Generating done
[0.898s] -- Build files have been written to: /home/william/P6-Simulation/build/centralized
[0.901s] Invoked command in '/home/william/P6-Simulation/build/centralized' returned '0': CMAKE_PREFIX_PATH=/opt/ros/foxy /usr/bin/cmake /home/william/P6-Simulation/src/centralized -DCMAKE_INSTALL_PREFIX=/home/william/P6-Simulation/install/centralized
[0.905s] Invoking command in '/home/william/P6-Simulation/build/centralized': CMAKE_PREFIX_PATH=/opt/ros/foxy /usr/bin/cmake --build /home/william/P6-Simulation/build/centralized -- -j16 -l16
[0.944s] Invoked command in '/home/william/P6-Simulation/build/centralized' returned '0': CMAKE_PREFIX_PATH=/opt/ros/foxy /usr/bin/cmake --build /home/william/P6-Simulation/build/centralized -- -j16 -l16
[0.975s] Invoking command in '/home/william/P6-Simulation/build/centralized': CMAKE_PREFIX_PATH=/opt/ros/foxy /usr/bin/cmake --install /home/william/P6-Simulation/build/centralized
[0.982s] -- Install configuration: ""
[0.982s] -- Installing: /home/william/P6-Simulation/install/centralized/share/ament_index/resource_index/package_run_dependencies/centralized
[0.982s] -- Installing: /home/william/P6-Simulation/install/centralized/share/ament_index/resource_index/parent_prefix_path/centralized
[0.982s] -- Installing: /home/william/P6-Simulation/install/centralized/share/centralized/environment/ament_prefix_path.sh
[0.983s] -- Installing: /home/william/P6-Simulation/install/centralized/share/centralized/environment/ament_prefix_path.dsv
[0.983s] -- Installing: /home/william/P6-Simulation/install/centralized/share/centralized/environment/path.sh
[0.983s] -- Installing: /home/william/P6-Simulation/install/centralized/share/centralized/environment/path.dsv
[0.983s] -- Installing: /home/william/P6-Simulation/install/centralized/share/centralized/local_setup.bash
[0.983s] -- Installing: /home/william/P6-Simulation/install/centralized/share/centralized/local_setup.sh
[0.983s] -- Installing: /home/william/P6-Simulation/install/centralized/share/centralized/local_setup.zsh
[0.983s] -- Installing: /home/william/P6-Simulation/install/centralized/share/centralized/local_setup.dsv
[0.983s] -- Installing: /home/william/P6-Simulation/install/centralized/share/centralized/package.dsv
[0.983s] -- Installing: /home/william/P6-Simulation/install/centralized/share/ament_index/resource_index/packages/centralized
[0.983s] -- Installing: /home/william/P6-Simulation/install/centralized/share/centralized/cmake/centralizedConfig.cmake
[0.983s] -- Installing: /home/william/P6-Simulation/install/centralized/share/centralized/cmake/centralizedConfig-version.cmake
[0.983s] -- Installing: /home/william/P6-Simulation/install/centralized/share/centralized/package.xml
[0.987s] Invoked command in '/home/william/P6-Simulation/build/centralized' returned '0': CMAKE_PREFIX_PATH=/opt/ros/foxy /usr/bin/cmake --install /home/william/P6-Simulation/build/centralized
