[0.372s] DEBUG:colcon:Command line arguments: ['/usr/bin/colcon', 'build']
[0.372s] DEBUG:colcon:Parsed command line arguments: Namespace(allow_overriding=[], ament_cmake_args=None, base_paths=['.'], build_base='build', catkin_cmake_args=None, catkin_skip_building_tests=False, cmake_args=None, cmake_clean_cache=False, cmake_clean_first=False, cmake_force_configure=False, cmake_target=None, cmake_target_skip_unavailable=False, continue_on_error=False, event_handlers=None, executor='parallel', ignore_user_meta=False, install_base='install', log_base=None, log_level=None, main=<bound method BuildVerb.main of <colcon_core.verb.build.BuildVerb object at 0x7fb193335af0>>, merge_install=False, metas=['./colcon.meta'], packages_above=None, packages_above_and_dependencies=None, packages_above_depth=None, packages_end=None, packages_ignore=None, packages_ignore_regex=None, packages_select=None, packages_select_build_failed=False, packages_select_by_dep=None, packages_select_regex=None, packages_select_test_failures=False, packages_skip=None, packages_skip_build_finished=False, packages_skip_by_dep=None, packages_skip_regex=None, packages_skip_test_passed=False, packages_skip_up_to=None, packages_start=None, packages_up_to=None, packages_up_to_regex=None, parallel_workers=16, paths=None, symlink_install=False, test_result_base=None, verb_extension=<colcon_core.verb.build.BuildVerb object at 0x7fb193335af0>, verb_name='build', verb_parser=<colcon_defaults.argument_parser.defaults.DefaultArgumentsDecorator object at 0x7fb193282850>)
[0.380s] Level 1:colcon.colcon_core.package_discovery:discover_packages(colcon_meta) check parameters
[0.380s] Level 1:colcon.colcon_core.package_discovery:discover_packages(recursive) check parameters
[0.380s] Level 1:colcon.colcon_core.package_discovery:discover_packages(ignore) check parameters
[0.380s] Level 1:colcon.colcon_core.package_discovery:discover_packages(path) check parameters
[0.380s] Level 1:colcon.colcon_core.package_discovery:discover_packages(colcon_meta) discover
[0.380s] Level 1:colcon.colcon_core.package_discovery:discover_packages(recursive) discover
[0.380s] INFO:colcon.colcon_core.package_discovery:Crawling recursively for packages in '/home/william/P6-Simulation'
[0.380s] Level 1:colcon.colcon_core.package_identification:_identify(.) by extensions ['ignore', 'ignore_ament_install']
[0.380s] Level 1:colcon.colcon_core.package_identification:_identify(.) by extension 'ignore'
[0.380s] Level 1:colcon.colcon_core.package_identification:_identify(.) by extension 'ignore_ament_install'
[0.381s] Level 1:colcon.colcon_core.package_identification:_identify(.) by extensions ['colcon_pkg']
[0.381s] Level 1:colcon.colcon_core.package_identification:_identify(.) by extension 'colcon_pkg'
[0.381s] Level 1:colcon.colcon_core.package_identification:_identify(.) by extensions ['colcon_meta']
[0.381s] Level 1:colcon.colcon_core.package_identification:_identify(.) by extension 'colcon_meta'
[0.381s] Level 1:colcon.colcon_core.package_identification:_identify(.) by extensions ['ros']
[0.381s] Level 1:colcon.colcon_core.package_identification:_identify(.) by extension 'ros'
[0.407s] Level 1:colcon.colcon_core.package_identification:_identify(.) by extensions ['cmake', 'python']
[0.407s] Level 1:colcon.colcon_core.package_identification:_identify(.) by extension 'cmake'
[0.407s] Level 1:colcon.colcon_core.package_identification:_identify(.) by extension 'python'
[0.407s] Level 1:colcon.colcon_core.package_identification:_identify(.) by extensions ['python_setup_py']
[0.407s] Level 1:colcon.colcon_core.package_identification:_identify(.) by extension 'python_setup_py'
[0.407s] Level 1:colcon.colcon_core.package_identification:_identify(build) by extensions ['ignore', 'ignore_ament_install']
[0.407s] Level 1:colcon.colcon_core.package_identification:_identify(build) by extension 'ignore'
[0.407s] Level 1:colcon.colcon_core.package_identification:_identify(build) ignored
[0.407s] Level 1:colcon.colcon_core.package_identification:_identify(install) by extensions ['ignore', 'ignore_ament_install']
[0.407s] Level 1:colcon.colcon_core.package_identification:_identify(install) by extension 'ignore'
[0.407s] Level 1:colcon.colcon_core.package_identification:_identify(install) ignored
[0.407s] Level 1:colcon.colcon_core.package_identification:_identify(log) by extensions ['ignore', 'ignore_ament_install']
[0.407s] Level 1:colcon.colcon_core.package_identification:_identify(log) by extension 'ignore'
[0.407s] Level 1:colcon.colcon_core.package_identification:_identify(log) ignored
[0.408s] Level 1:colcon.colcon_core.package_identification:_identify(src) by extensions ['ignore', 'ignore_ament_install']
[0.408s] Level 1:colcon.colcon_core.package_identification:_identify(src) by extension 'ignore'
[0.408s] Level 1:colcon.colcon_core.package_identification:_identify(src) by extension 'ignore_ament_install'
[0.408s] Level 1:colcon.colcon_core.package_identification:_identify(src) by extensions ['colcon_pkg']
[0.408s] Level 1:colcon.colcon_core.package_identification:_identify(src) by extension 'colcon_pkg'
[0.408s] Level 1:colcon.colcon_core.package_identification:_identify(src) by extensions ['colcon_meta']
[0.408s] Level 1:colcon.colcon_core.package_identification:_identify(src) by extension 'colcon_meta'
[0.408s] Level 1:colcon.colcon_core.package_identification:_identify(src) by extensions ['ros']
[0.408s] Level 1:colcon.colcon_core.package_identification:_identify(src) by extension 'ros'
[0.408s] Level 1:colcon.colcon_core.package_identification:_identify(src) by extensions ['cmake', 'python']
[0.408s] Level 1:colcon.colcon_core.package_identification:_identify(src) by extension 'cmake'
[0.408s] Level 1:colcon.colcon_core.package_identification:_identify(src) by extension 'python'
[0.408s] Level 1:colcon.colcon_core.package_identification:_identify(src) by extensions ['python_setup_py']
[0.408s] Level 1:colcon.colcon_core.package_identification:_identify(src) by extension 'python_setup_py'
[0.408s] Level 1:colcon.colcon_core.package_identification:_identify(src/centralized) by extensions ['ignore', 'ignore_ament_install']
[0.408s] Level 1:colcon.colcon_core.package_identification:_identify(src/centralized) by extension 'ignore'
[0.408s] Level 1:colcon.colcon_core.package_identification:_identify(src/centralized) by extension 'ignore_ament_install'
[0.408s] Level 1:colcon.colcon_core.package_identification:_identify(src/centralized) by extensions ['colcon_pkg']
[0.408s] Level 1:colcon.colcon_core.package_identification:_identify(src/centralized) by extension 'colcon_pkg'
[0.408s] Level 1:colcon.colcon_core.package_identification:_identify(src/centralized) by extensions ['colcon_meta']
[0.408s] Level 1:colcon.colcon_core.package_identification:_identify(src/centralized) by extension 'colcon_meta'
[0.408s] Level 1:colcon.colcon_core.package_identification:_identify(src/centralized) by extensions ['ros']
[0.408s] Level 1:colcon.colcon_core.package_identification:_identify(src/centralized) by extension 'ros'
[0.411s] DEBUG:colcon.colcon_core.package_identification:Package 'src/centralized' with type 'ros.ament_cmake' and name 'centralized'
[0.411s] Level 1:colcon.colcon_core.package_discovery:discover_packages(recursive) using defaults
[0.411s] Level 1:colcon.colcon_core.package_discovery:discover_packages(ignore) discover
[0.411s] Level 1:colcon.colcon_core.package_discovery:discover_packages(ignore) using defaults
[0.411s] Level 1:colcon.colcon_core.package_discovery:discover_packages(path) discover
[0.411s] Level 1:colcon.colcon_core.package_discovery:discover_packages(path) using defaults
[0.435s] Level 5:colcon.colcon_core.verb:set package 'centralized' build argument 'cmake_args' from command line to 'None'
[0.436s] Level 5:colcon.colcon_core.verb:set package 'centralized' build argument 'cmake_target' from command line to 'None'
[0.436s] Level 5:colcon.colcon_core.verb:set package 'centralized' build argument 'cmake_target_skip_unavailable' from command line to 'False'
[0.436s] Level 5:colcon.colcon_core.verb:set package 'centralized' build argument 'cmake_clean_cache' from command line to 'False'
[0.436s] Level 5:colcon.colcon_core.verb:set package 'centralized' build argument 'cmake_clean_first' from command line to 'False'
[0.436s] Level 5:colcon.colcon_core.verb:set package 'centralized' build argument 'cmake_force_configure' from command line to 'False'
[0.436s] Level 5:colcon.colcon_core.verb:set package 'centralized' build argument 'ament_cmake_args' from command line to 'None'
[0.436s] Level 5:colcon.colcon_core.verb:set package 'centralized' build argument 'catkin_cmake_args' from command line to 'None'
[0.436s] Level 5:colcon.colcon_core.verb:set package 'centralized' build argument 'catkin_skip_building_tests' from command line to 'False'
[0.436s] DEBUG:colcon.colcon_core.verb:Building package 'centralized' with the following arguments: {'ament_cmake_args': None, 'build_base': '/home/william/P6-Simulation/build/centralized', 'catkin_cmake_args': None, 'catkin_skip_building_tests': False, 'cmake_args': None, 'cmake_clean_cache': False, 'cmake_clean_first': False, 'cmake_force_configure': False, 'cmake_target': None, 'cmake_target_skip_unavailable': False, 'install_base': '/home/william/P6-Simulation/install/centralized', 'merge_install': False, 'path': '/home/william/P6-Simulation/src/centralized', 'symlink_install': False, 'test_result_base': None}
[0.441s] INFO:colcon.colcon_core.executor:Executing jobs using 'parallel' executor
[0.444s] DEBUG:colcon.colcon_parallel_executor.executor.parallel:run_until_complete
[0.444s] INFO:colcon.colcon_ros.task.ament_cmake.build:Building ROS package in '/home/william/P6-Simulation/src/centralized' with build type 'ament_cmake'
[0.444s] INFO:colcon.colcon_cmake.task.cmake.build:Building CMake package in '/home/william/P6-Simulation/src/centralized'
[0.450s] INFO:colcon.colcon_core.plugin_system:Skipping extension 'colcon_core.shell.bat': Not used on non-Windows systems
[0.450s] INFO:colcon.colcon_core.shell:Skip shell extension 'powershell' for command environment: Not usable outside of PowerShell
[0.450s] DEBUG:colcon.colcon_core.shell:Skip shell extension 'dsv' for command environment
[0.461s] DEBUG:colcon.colcon_core.event_handler.log_command:Invoking command in '/home/william/P6-Simulation/build/centralized': CMAKE_PREFIX_PATH=/opt/ros/foxy /usr/bin/cmake /home/william/P6-Simulation/src/centralized -DCMAKE_INSTALL_PREFIX=/home/william/P6-Simulation/install/centralized
[1.346s] DEBUG:colcon.colcon_core.event_handler.log_command:Invoked command in '/home/william/P6-Simulation/build/centralized' returned '0': CMAKE_PREFIX_PATH=/opt/ros/foxy /usr/bin/cmake /home/william/P6-Simulation/src/centralized -DCMAKE_INSTALL_PREFIX=/home/william/P6-Simulation/install/centralized
[1.350s] DEBUG:colcon.colcon_core.event_handler.log_command:Invoking command in '/home/william/P6-Simulation/build/centralized': CMAKE_PREFIX_PATH=/opt/ros/foxy /usr/bin/cmake --build /home/william/P6-Simulation/build/centralized -- -j16 -l16
[1.389s] DEBUG:colcon.colcon_core.event_handler.log_command:Invoked command in '/home/william/P6-Simulation/build/centralized' returned '0': CMAKE_PREFIX_PATH=/opt/ros/foxy /usr/bin/cmake --build /home/william/P6-Simulation/build/centralized -- -j16 -l16
[1.420s] DEBUG:colcon.colcon_core.event_handler.log_command:Invoking command in '/home/william/P6-Simulation/build/centralized': CMAKE_PREFIX_PATH=/opt/ros/foxy /usr/bin/cmake --install /home/william/P6-Simulation/build/centralized
[1.431s] Level 1:colcon.colcon_core.environment:create_environment_scripts_only(centralized)
[1.431s] DEBUG:colcon.colcon_core.event_handler.log_command:Invoked command in '/home/william/P6-Simulation/build/centralized' returned '0': CMAKE_PREFIX_PATH=/opt/ros/foxy /usr/bin/cmake --install /home/william/P6-Simulation/build/centralized
[1.438s] Level 1:colcon.colcon_core.environment:checking '/home/william/P6-Simulation/install/centralized' for CMake module files
[1.438s] Level 1:colcon.colcon_core.environment:checking '/home/william/P6-Simulation/install/centralized' for CMake config files
[1.438s] Level 1:colcon.colcon_core.shell:create_environment_hook('centralized', 'cmake_prefix_path')
[1.439s] INFO:colcon.colcon_core.shell:Creating environment hook '/home/william/P6-Simulation/install/centralized/share/centralized/hook/cmake_prefix_path.ps1'
[1.440s] INFO:colcon.colcon_core.shell:Creating environment descriptor '/home/william/P6-Simulation/install/centralized/share/centralized/hook/cmake_prefix_path.dsv'
[1.441s] INFO:colcon.colcon_core.shell:Creating environment hook '/home/william/P6-Simulation/install/centralized/share/centralized/hook/cmake_prefix_path.sh'
[1.442s] Level 1:colcon.colcon_core.environment:checking '/home/william/P6-Simulation/install/centralized/bin'
[1.442s] Level 1:colcon.colcon_core.environment:checking '/home/william/P6-Simulation/install/centralized/lib/pkgconfig/centralized.pc'
[1.442s] Level 1:colcon.colcon_core.environment:checking '/home/william/P6-Simulation/install/centralized/lib/python3.8/site-packages'
[1.442s] INFO:colcon.colcon_core.shell:Creating package script '/home/william/P6-Simulation/install/centralized/share/centralized/package.ps1'
[1.444s] INFO:colcon.colcon_core.shell:Creating package descriptor '/home/william/P6-Simulation/install/centralized/share/centralized/package.dsv'
[1.445s] INFO:colcon.colcon_core.shell:Creating package script '/home/william/P6-Simulation/install/centralized/share/centralized/package.sh'
[1.446s] INFO:colcon.colcon_core.shell:Creating package script '/home/william/P6-Simulation/install/centralized/share/centralized/package.bash'
[1.447s] INFO:colcon.colcon_core.shell:Creating package script '/home/william/P6-Simulation/install/centralized/share/centralized/package.zsh'
[1.448s] Level 1:colcon.colcon_core.environment:create_file_with_runtime_dependencies(/home/william/P6-Simulation/install/centralized/share/colcon-core/packages/centralized)
[1.470s] Level 1:colcon.colcon_core.environment:create_environment_scripts_only(centralized)
[1.471s] Level 1:colcon.colcon_core.environment:checking '/home/william/P6-Simulation/install/centralized' for CMake module files
[1.472s] Level 1:colcon.colcon_core.environment:checking '/home/william/P6-Simulation/install/centralized' for CMake config files
[1.472s] Level 1:colcon.colcon_core.shell:create_environment_hook('centralized', 'cmake_prefix_path')
[1.473s] INFO:colcon.colcon_core.shell:Creating environment hook '/home/william/P6-Simulation/install/centralized/share/centralized/hook/cmake_prefix_path.ps1'
[1.474s] INFO:colcon.colcon_core.shell:Creating environment descriptor '/home/william/P6-Simulation/install/centralized/share/centralized/hook/cmake_prefix_path.dsv'
[1.474s] INFO:colcon.colcon_core.shell:Creating environment hook '/home/william/P6-Simulation/install/centralized/share/centralized/hook/cmake_prefix_path.sh'
[1.475s] Level 1:colcon.colcon_core.environment:checking '/home/william/P6-Simulation/install/centralized/bin'
[1.475s] Level 1:colcon.colcon_core.environment:checking '/home/william/P6-Simulation/install/centralized/lib/pkgconfig/centralized.pc'
[1.475s] Level 1:colcon.colcon_core.environment:checking '/home/william/P6-Simulation/install/centralized/lib/python3.8/site-packages'
[1.476s] INFO:colcon.colcon_core.shell:Creating package script '/home/william/P6-Simulation/install/centralized/share/centralized/package.ps1'
[1.477s] INFO:colcon.colcon_core.shell:Creating package descriptor '/home/william/P6-Simulation/install/centralized/share/centralized/package.dsv'
[1.477s] INFO:colcon.colcon_core.shell:Creating package script '/home/william/P6-Simulation/install/centralized/share/centralized/package.sh'
[1.478s] INFO:colcon.colcon_core.shell:Creating package script '/home/william/P6-Simulation/install/centralized/share/centralized/package.bash'
[1.478s] INFO:colcon.colcon_core.shell:Creating package script '/home/william/P6-Simulation/install/centralized/share/centralized/package.zsh'
[1.479s] Level 1:colcon.colcon_core.environment:create_file_with_runtime_dependencies(/home/william/P6-Simulation/install/centralized/share/colcon-core/packages/centralized)
[1.479s] DEBUG:colcon.colcon_parallel_executor.executor.parallel:closing loop
[1.480s] DEBUG:colcon.colcon_parallel_executor.executor.parallel:loop closed
[1.480s] DEBUG:colcon.colcon_parallel_executor.executor.parallel:run_until_complete finished with '0'
[1.480s] DEBUG:colcon.colcon_core.event_reactor:joining thread
[1.489s] INFO:colcon.colcon_core.plugin_system:Skipping extension 'colcon_notification.desktop_notification.terminal_notifier': Not used on non-Darwin systems
[1.489s] INFO:colcon.colcon_core.plugin_system:Skipping extension 'colcon_notification.desktop_notification.win32': Not used on non-Windows systems
[1.489s] INFO:colcon.colcon_notification.desktop_notification:Sending desktop notification using 'notify2'
[1.510s] DEBUG:colcon.colcon_core.event_reactor:joined thread
[1.511s] INFO:colcon.colcon_core.shell:Creating prefix script '/home/william/P6-Simulation/install/local_setup.ps1'
[1.512s] INFO:colcon.colcon_core.shell:Creating prefix util module '/home/william/P6-Simulation/install/_local_setup_util_ps1.py'
[1.514s] INFO:colcon.colcon_core.shell:Creating prefix chain script '/home/william/P6-Simulation/install/setup.ps1'
[1.515s] INFO:colcon.colcon_core.shell:Creating prefix script '/home/william/P6-Simulation/install/local_setup.sh'
[1.516s] INFO:colcon.colcon_core.shell:Creating prefix util module '/home/william/P6-Simulation/install/_local_setup_util_sh.py'
[1.516s] INFO:colcon.colcon_core.shell:Creating prefix chain script '/home/william/P6-Simulation/install/setup.sh'
[1.517s] INFO:colcon.colcon_core.shell:Creating prefix script '/home/william/P6-Simulation/install/local_setup.bash'
[1.518s] INFO:colcon.colcon_core.shell:Creating prefix chain script '/home/william/P6-Simulation/install/setup.bash'
[1.520s] INFO:colcon.colcon_core.shell:Creating prefix script '/home/william/P6-Simulation/install/local_setup.zsh'
[1.521s] INFO:colcon.colcon_core.shell:Creating prefix chain script '/home/william/P6-Simulation/install/setup.zsh'
